# JRE version: Java(TM) SE Runtime Environment (8.0_211-b12) (build 1.8.0_211-b12)
# Java VM: Java HotSpot(TM) 64-Bit Server VM (25.211-b12 mixed mode windows-amd64 compressed oops)
Heap:
 PSYoungGen      total 76288K, used 5325K [0x000000076b300000, 0x0000000770800000, 0x00000007c0000000)
  eden space 65536K, 8% used [0x000000076b300000,0x000000076b833520,0x000000076f300000)
  from space 10752K, 0% used [0x000000076fd80000,0x000000076fd80000,0x0000000770800000)
  to   space 10752K, 0% used [0x000000076f300000,0x000000076f300000,0x000000076fd80000)
 ParOldGen       total 106496K, used 8660K [0x00000006c1800000, 0x00000006c8000000, 0x000000076b300000)
  object space 106496K, 8% used [0x00000006c1800000,0x00000006c20751e8,0x00000006c8000000)
 Metaspace       used 35781K, capacity 36184K, committed 36568K, reserved 1081344K
  class space    used 5011K, capacity 5115K, committed 5120K, reserved 1048576K
GC Heap History (10 events):
Event: 2.601 GC heap before
{Heap before GC invocations=2 (full 0):
 PSYoungGen      total 76288K, used 27493K [0x000000076b300000, 0x0000000770800000, 0x00000007c0000000)
  eden space 65536K, 32% used [0x000000076b300000,0x000000076c7d0040,0x000000076f300000)
  from space 10752K, 57% used [0x000000076f300000,0x000000076f9094a8,0x000000076fd80000)
  to   space 10752K, 0% used [0x000000076fd80000,0x000000076fd80000,0x0000000770800000)
 ParOldGen       total 175104K, used 80K [0x00000006c1800000, 0x00000006cc300000, 0x000000076b300000)
  object space 175104K, 0% used [0x00000006c1800000,0x00000006c1814010,0x00000006cc300000)
 Metaspace       used 20811K, capacity 21010K, committed 21248K, reserved 1067008K
  class space    used 2906K, capacity 2988K, committed 3072K, reserved 1048576K
Event: 2.607 GC heap after
Heap after GC invocations=2 (full 0):
 PSYoungGen      total 76288K, used 6116K [0x000000076b300000, 0x0000000770800000, 0x00000007c0000000)
  eden space 65536K, 0% used [0x000000076b300000,0x000000076b300000,0x000000076f300000)
  from space 10752K, 56% used [0x000000076fd80000,0x0000000770379068,0x0000000770800000)
  to   space 10752K, 0% used [0x000000076f300000,0x000000076f300000,0x000000076fd80000)
 ParOldGen       total 175104K, used 88K [0x00000006c1800000, 0x00000006cc300000, 0x000000076b300000)
  object space 175104K, 0% used [0x00000006c1800000,0x00000006c1816010,0x00000006cc300000)
 Metaspace       used 20811K, capacity 21010K, committed 21248K, reserved 1067008K
  class space    used 2906K, capacity 2988K, committed 3072K, reserved 1048576K
}
Event: 2.607 GC heap before
{Heap before GC invocations=3 (full 1):
 PSYoungGen      total 76288K, used 6116K [0x000000076b300000, 0x0000000770800000, 0x00000007c0000000)
  eden space 65536K, 0% used [0x000000076b300000,0x000000076b300000,0x000000076f300000)
  from space 10752K, 56% used [0x000000076fd80000,0x0000000770379068,0x0000000770800000)
  to   space 10752K, 0% used [0x000000076f300000,0x000000076f300000,0x000000076fd80000)
 ParOldGen       total 175104K, used 88K [0x00000006c1800000, 0x00000006cc300000, 0x000000076b300000)
  object space 175104K, 0% used [0x00000006c1800000,0x00000006c1816010,0x00000006cc300000)
 Metaspace       used 20811K, capacity 21010K, committed 21248K, reserved 1067008K
  class space    used 2906K, capacity 2988K, committed 3072K, reserved 1048576K
Event: 2.629 GC heap after
Heap after GC invocations=3 (full 1):
 PSYoungGen      total 76288K, used 0K [0x000000076b300000, 0x0000000770800000, 0x00000007c0000000)
  eden space 65536K, 0% used [0x000000076b300000,0x000000076b300000,0x000000076f300000)
  from space 10752K, 0% used [0x000000076fd80000,0x000000076fd80000,0x0000000770800000)
  to   space 10752K, 0% used [0x000000076f300000,0x000000076f300000,0x000000076fd80000)
 ParOldGen       total 106496K, used 5903K [0x00000006c1800000, 0x00000006c8000000, 0x000000076b300000)
  object space 106496K, 5% used [0x00000006c1800000,0x00000006c1dc3f08,0x00000006c8000000)
 Metaspace       used 20811K, capacity 21010K, committed 21248K, reserved 1067008K
  class space    used 2906K, capacity 2988K, committed 3072K, reserved 1048576K
}
Event: 3.755 GC heap before
{Heap before GC invocations=4 (full 1):
 PSYoungGen      total 76288K, used 65536K [0x000000076b300000, 0x0000000770800000, 0x00000007c0000000)
  eden space 65536K, 100% used [0x000000076b300000,0x000000076f300000,0x000000076f300000)
  from space 10752K, 0% used [0x000000076fd80000,0x000000076fd80000,0x0000000770800000)
  to   space 10752K, 0% used [0x000000076f300000,0x000000076f300000,0x000000076fd80000)
 ParOldGen       total 106496K, used 5903K [0x00000006c1800000, 0x00000006c8000000, 0x000000076b300000)
  object space 106496K, 5% used [0x00000006c1800000,0x00000006c1dc3f08,0x00000006c8000000)
 Metaspace       used 33118K, capacity 33502K, committed 34048K, reserved 1079296K
  class space    used 4654K, capacity 4780K, committed 4864K, reserved 1048576K
Event: 3.762 GC heap after
Heap after GC invocations=4 (full 1):
 PSYoungGen      total 76288K, used 10733K [0x000000076b300000, 0x0000000770800000, 0x00000007c0000000)
  eden space 65536K, 0% used [0x000000076b300000,0x000000076b300000,0x000000076f300000)
  from space 10752K, 99% used [0x000000076f300000,0x000000076fd7b468,0x000000076fd80000)
  to   space 10752K, 0% used [0x000000076fd80000,0x000000076fd80000,0x0000000770800000)
 ParOldGen       total 106496K, used 7143K [0x00000006c1800000, 0x00000006c8000000, 0x000000076b300000)
  object space 106496K, 6% used [0x00000006c1800000,0x00000006c1ef9ed8,0x00000006c8000000)
 Metaspace       used 33118K, capacity 33502K, committed 34048K, reserved 1079296K
  class space    used 4654K, capacity 4780K, committed 4864K, reserved 1048576K
}
Event: 3.922 GC heap before
{Heap before GC invocations=5 (full 1):
 PSYoungGen      total 76288K, used 21930K [0x000000076b300000, 0x0000000770800000, 0x00000007c0000000)
  eden space 65536K, 17% used [0x000000076b300000,0x000000076bdef4c8,0x000000076f300000)
  from space 10752K, 99% used [0x000000076f300000,0x000000076fd7b468,0x000000076fd80000)
  to   space 10752K, 0% used [0x000000076fd80000,0x000000076fd80000,0x0000000770800000)
 ParOldGen       total 106496K, used 7143K [0x00000006c1800000, 0x00000006c8000000, 0x000000076b300000)
  object space 106496K, 6% used [0x00000006c1800000,0x00000006c1ef9ed8,0x00000006c8000000)
 Metaspace       used 34691K, capacity 35070K, committed 35416K, reserved 1079296K
  class space    used 4839K, capacity 4940K, committed 4992K, reserved 1048576K
Event: 3.925 GC heap after
Heap after GC invocations=5 (full 1):
 PSYoungGen      total 76288K, used 5040K [0x000000076b300000, 0x0000000770800000, 0x00000007c0000000)
  eden space 65536K, 0% used [0x000000076b300000,0x000000076b300000,0x000000076f300000)
  from space 10752K, 46% used [0x000000076fd80000,0x000000077026c290,0x0000000770800000)
  to   space 10752K, 0% used [0x000000076f300000,0x000000076f300000,0x000000076fd80000)
 ParOldGen       total 106496K, used 7151K [0x00000006c1800000, 0x00000006c8000000, 0x000000076b300000)
  object space 106496K, 6% used [0x00000006c1800000,0x00000006c1efbed8,0x00000006c8000000)
 Metaspace       used 34691K, capacity 35070K, committed 35416K, reserved 1079296K
  class space    used 4839K, capacity 4940K, committed 4992K, reserved 1048576K
}
Event: 3.925 GC heap before
{Heap before GC invocations=6 (full 2):
 PSYoungGen      total 76288K, used 5040K [0x000000076b300000, 0x0000000770800000, 0x00000007c0000000)
  eden space 65536K, 0% used [0x000000076b300000,0x000000076b300000,0x000000076f300000)
  from space 10752K, 46% used [0x000000076fd80000,0x000000077026c290,0x0000000770800000)
  to   space 10752K, 0% used [0x000000076f300000,0x000000076f300000,0x000000076fd80000)
 ParOldGen       total 106496K, used 7151K [0x00000006c1800000, 0x00000006c8000000, 0x000000076b300000)
  object space 106496K, 6% used [0x00000006c1800000,0x00000006c1efbed8,0x00000006c8000000)
 Metaspace       used 34691K, capacity 35070K, committed 35416K, reserved 1079296K
  class space    used 4839K, capacity 4940K, committed 4992K, reserved 1048576K
Event: 3.955 GC heap after
Heap after GC invocations=6 (full 2):
 PSYoungGen      total 76288K, used 0K [0x000000076b300000, 0x0000000770800000, 0x00000007c0000000)
  eden space 65536K, 0% used [0x000000076b300000,0x000000076b300000,0x000000076f300000)
  from space 10752K, 0% used [0x000000076fd80000,0x000000076fd80000,0x0000000770800000)
  to   space 10752K, 0% used [0x000000076f300000,0x000000076f300000,0x000000076fd80000)
 ParOldGen       total 106496K, used 8660K [0x00000006c1800000, 0x00000006c8000000, 0x000000076b300000)
  object space 106496K, 8% used [0x00000006c1800000,0x00000006c20751e8,0x00000006c8000000)
 Metaspace       used 34691K, capacity 35070K, committed 35416K, reserved 1079296K
  class space    used 4839K, capacity 4940K, committed 4992K, reserved 1048576K
}

